<?xml version="1.0" encoding="UTF-8"?>
<testsuite name="HelloGradleTest" tests="2" skipped="0" failures="0" errors="0" timestamp="2018-07-14T12:15:22" hostname="ZHA-ITA114-W10" time="0.399">
  <properties/>
  <testcase name="testMockClass" classname="HelloGradleTest" time="0.398"/>
  <testcase name="testGradleGreet" classname="HelloGradleTest" time="0.0"/>
  <system-out><![CDATA[]]></system-out>
  <system-err><![CDATA[]]></system-err>
</testsuite>
